UTM baselines from preprocessing/output/validate_cv_folds_utm
  fold 01 N= 249 mean RMSE=0.279289 MAE=0.255758 IDW RMSE=0.247345 MAE=0.214924
  fold 02 N=  15 mean RMSE=0.397196 MAE=0.378176 IDW RMSE=0.317060 MAE=0.258042
  fold 03 N= 395 mean RMSE=0.371905 MAE=0.324739 IDW RMSE=0.353640 MAE=0.315757
  fold 04 N= 852 mean RMSE=0.322629 MAE=0.286546 IDW RMSE=0.318262 MAE=0.277531
  fold 05 N= 799 mean RMSE=0.323753 MAE=0.301574 IDW RMSE=0.294955 MAE=0.268511
  fold 06 N= 463 mean RMSE=0.415009 MAE=0.356523 IDW RMSE=0.354058 MAE=0.315822
  fold 07 N=1789 mean RMSE=0.301183 MAE=0.248251 IDW RMSE=0.282686 MAE=0.240934
  fold 08 N= 839 mean RMSE=0.316144 MAE=0.272686 IDW RMSE=0.316552 MAE=0.261085

=== weighted ===
  N=5401
  Mean-only: RMSE=0.324416 MAE=0.281559 bias=+0.004330
  IDW:       RMSE=0.305148 MAE=0.264657 bias=-0.005821

UTM baselines for data/delta_0.02_utm.csv (3x3 spatial blocks)
  block 01 N=  493 mean RMSE=0.287260 MAE=0.265779 IDW RMSE=0.242418 MAE=0.208921
  block 02 N=   33 mean RMSE=0.331532 MAE=0.321656 IDW RMSE=0.194299 MAE=0.158103
  block 03 N=  878 mean RMSE=0.368622 MAE=0.328052 IDW RMSE=0.342324 MAE=0.312626
  block 04 N= 1887 mean RMSE=0.320580 MAE=0.291002 IDW RMSE=0.315892 MAE=0.275763
  block 05 N= 2338 mean RMSE=0.323418 MAE=0.305082 IDW RMSE=0.284549 MAE=0.259299
  block 06 N= 1482 mean RMSE=0.412154 MAE=0.352681 IDW RMSE=0.346684 MAE=0.308814
  block 07 N= 7472 mean RMSE=0.318846 MAE=0.260123 IDW RMSE=0.300347 MAE=0.253860
  block 08 N= 2339 mean RMSE=0.325036 MAE=0.281689 IDW RMSE=0.321468 MAE=0.265201

=== weighted ===
  N=16922
  Mean-only: RMSE=0.330386 MAE=0.284674 bias=+0.015734
  IDW:       RMSE=0.307159 MAE=0.264987 bias=-0.003449
