logit UTM fast CV; theta=(6.34485611,19.18492718,0.54733473,0.00000100)
  fold 01 N= 249 RMSE=0.241687 MAE=0.193587 bias=-0.047971 cov95=98.0% p=[0.564508,0.960529] time=6.9s
  fold 02 N=  15 RMSE=0.124293 MAE=0.109050 bias=-0.062537 cov95=73.3% p=[0.052713,0.880326] time=7.0s
  fold 03 N= 395 RMSE=0.338833 MAE=0.290825 bias=-0.029908 cov95=82.3% p=[0.001226,0.902596] time=6.7s
  fold 04 N= 852 RMSE=0.330934 MAE=0.289932 bias=-0.154055 cov95=92.1% p=[0.013864,0.961175] time=6.2s
  fold 05 N= 799 RMSE=0.353757 MAE=0.319935 bias=-0.236638 cov95=93.2% p=[0.018209,0.925738] time=6.3s
  fold 06 N= 463 RMSE=0.335684 MAE=0.276232 bias=+0.141654 cov95=76.7% p=[0.001064,0.903449] time=6.7s
  fold 07 N=1789 RMSE=0.282273 MAE=0.234029 bias=+0.016785 cov95=95.2% p=[0.001904,0.953646] time=4.9s
  fold 08 N= 839 RMSE=0.325075 MAE=0.275692 bias=+0.009880 cov95=92.7% p=[0.004307,0.920763] time=6.2s

=== weighted ===
  N=5401
  RMSE=0.313578
  MAE=0.267588
  bias=-0.044644
  pred_range=[0.001064,0.961175]
  var_range=[1.441113,6.344857]
  cov50=56.36%
  cov80=85.11%
  cov90=89.61%
  cov95=91.58%
  total_time=50.9s
