logit UTM fast CV mode=blocks; theta=(6.50014537,18.56673372,0.40919699,0.00000100)
  block 01 N=  493 RMSE=0.233950 MAE=0.184865 bias=-0.064258 cov95=97.6% p=[0.604671,0.935220] time=71.6s
  block 02 N=   33 RMSE=0.141977 MAE=0.087661 bias=-0.036079 cov95=87.9% p=[0.643062,0.931426] time=71.4s
  block 03 N=  878 RMSE=0.307117 MAE=0.257820 bias=-0.052489 cov95=84.5% p=[0.000628,0.942596] time=70.2s
  block 04 N= 1887 RMSE=0.311825 MAE=0.275777 bias=-0.124695 cov95=91.8% p=[0.015363,0.957346] time=66.9s
  block 05 N= 2338 RMSE=0.337548 MAE=0.307901 bias=-0.229624 cov95=94.5% p=[0.040723,0.961803] time=65.2s
  block 06 N= 1482 RMSE=0.312103 MAE=0.247468 bias=+0.121517 cov95=78.3% p=[0.000313,0.954047] time=68.5s
  block 07 N= 7472 RMSE=0.306348 MAE=0.250641 bias=+0.071935 cov95=94.5% p=[0.007056,0.913056] time=41.1s
  block 08 N= 2339 RMSE=0.325586 MAE=0.277250 bias=-0.012219 cov95=90.4% p=[0.011885,0.953729] time=64.9s

=== weighted ===
  N=16922
  RMSE=0.312043
  MAE=0.262894
  bias=-0.009580
  pred_range=[0.000313,0.961803]
  var_range=[1.205016,6.500146]
  cov50=58.41%
  cov80=85.86%
  cov90=90.17%
  cov95=91.80%
  total_time=519.8s
