logit UTM fast CV mode=blocks; theta=(6.56703629,14.91406763,0.37419451,0.00000100)
  block 01 N=  723 RMSE=0.239050 MAE=0.192856 bias=-0.074988 cov95=96.8% p=[0.626100,0.923815] time=416.8s
  block 02 N=   66 RMSE=0.123130 MAE=0.088628 bias=-0.062869 cov95=84.8% p=[0.638114,0.932449] time=360.0s
  block 03 N= 1517 RMSE=0.283811 MAE=0.236668 bias=-0.076311 cov95=86.4% p=[0.000469,0.908757] time=478.4s
  block 04 N= 3375 RMSE=0.302629 MAE=0.268112 bias=-0.129724 cov95=92.1% p=[0.091708,0.971015] time=612.7s
  block 05 N= 4745 RMSE=0.319271 MAE=0.294257 bias=-0.228282 cov95=94.0% p=[0.026946,0.987242] time=662.0s
  block 06 N= 2915 RMSE=0.327065 MAE=0.258347 bias=+0.151936 cov95=78.0% p=[0.000962,0.945243] time=569.6s
  block 07 N=18330 RMSE=0.330324 MAE=0.262991 bias=+0.102809 cov95=92.9% p=[0.004452,0.970420] time=542.1s
  block 08 N= 4354 RMSE=0.313623 MAE=0.267443 bias=-0.020431 cov95=91.3% p=[0.009742,0.964031] time=644.1s

=== weighted ===
  N=36025
  RMSE=0.319821
  MAE=0.264916
  bias=+0.015081
  pred_range=[0.000469,0.987242]
  var_range=[1.113262,6.567037]
  cov50=59.36%
  cov80=85.61%
  cov90=89.73%
  cov95=91.34%
  total_time=4285.6s
