[0;32m======================================[0m
[0;32mExaGeoStatCPP Container[0m
[0;32m======================================[0m
[0;34mSystem Information:[0m
  Working Directory: /app/ExaGeoStatCPP/bin
  Available CPU Cores: 20
  Total Memory: 62Gi
[0;32m  GPU Support: Enabled[0m
    - NVIDIA GeForce RTX 3090 (Driver:  595.71.05, Memory:  24576 MiB)
[0;32m======================================[0m

[0;34mExecuting custom command: /app/ExaGeoStatCPP/bin/examples/end-to-end/Example_Data_Generation_Modeling_and_Prediction --N=5401 --kernel=univariate_matern_nuggets_stationary --dts=320 --cores=10 --gpus=1 --data_path=/app/data/delta_0.05_utm.csv --dimension=2D --verbose=detailed --itheta=1:100:0.5:0.1 --olb=0.01:0.1:0.01:0.001 --oub=10:2000:5:2 --max_mle_iterations=1000 --tolerance=4[0m
		 ** Initialize ExaGeoStat hardware **
		 ********************SUMMARY**********************
		 #Synthetic Data generation
		 #Number of Locations: 5401
		 #Threads per node: 10
		 #GPUs: 1
		 #Precision: Double
		 #Dense Tile Size: 320
		 #Computation: Exact
		 #Dimension: 2D
		 #Kernel: UnivariateMaternNuggetsStationary
		 #Distance Metric: Euclidean distance
		 #p: 1		 #q: 1
		 *************************************************
		 ** ExaGeoStat data generation/loading **
		 	Data is read from /app/data/delta_0.05_utm.csv successfully.
		 	*Data generation/loading finished*
		 ** ExaGeoStat data Modeling **
		 	--> Modeling Using Dense Tile - Chameleon
		 	Generate New Covariance Matrix...
		 	Done.
		 	Cholesky factorization of Sigma...
		 	Done.
		 	Calculating the log determinant ...
		 	Done.
		 	Solving the linear system ...
		 	Done.
		 Calculating the MLE likelihood function ...
		 	Done.
		 	1 - Model Parameters (0.010000, 0.100000, 0.010000, 0.001000)----> LogLi: -107684.948901269905036315
		 ---- Facto Time: 5.069588117000
		 ---- Log Determent Time: 0.000411527000
		 ---- dtrsm Time: 0.042564519000
		 ---- Matrix Generation Time: 0.434498993000
		 ---- Total Time: 5.112564163000
		 ---- Gflop/s: 10.281564664729
		 	Re-store the original Z vector...
		 	Done.
		 	Generate New Covariance Matrix...
		 	Done.
		 	Cholesky factorization of Sigma...
		 	Done.
		 	Calculating the log determinant ...
		 	Done.
		 	Solving the linear system ...
		 	Done.
		 Calculating the MLE likelihood function ...
		 	Done.
		 	2 - Model Parameters (2.507500, 0.100000, 0.010000, 0.001000)----> LogLi: -7950.645987463235542236
		 ---- Facto Time: 1.988544784000
		 ---- Log Determent Time: 0.001326980000
		 ---- dtrsm Time: 0.071750291000
		 ---- Matrix Generation Time: 0.438176830000
		 ---- Total Time: 2.061622055000
		 ---- Gflop/s: 25.511359290610
		 	Re-store the original Z vector...
		 	Done.
		 	Generate New Covariance Matrix...
		 	Done.
		 	Cholesky factorization of Sigma...
		 	Done.
		 	Calculating the log determinant ...
		 	Done.
		 	Solving the linear system ...
		 	Done.
		 Calculating the MLE likelihood function ...
		 	Done.
		 	3 - Model Parameters (0.010000, 500.075000, 0.010000, 0.001000)----> LogLi: -12590.457818867045716615
		 ---- Facto Time: 1.739344771000
		 ---- Log Determent Time: 0.000253497000
		 ---- dtrsm Time: 0.019972716000
		 ---- Matrix Generation Time: 0.817471223000
		 ---- Total Time: 1.759570984000
		 ---- Gflop/s: 29.875749142144
		 	Re-store the original Z vector...
		 	Done.
		 	Generate New Covariance Matrix...
		 	Done.
		 	Cholesky factorization of Sigma...
		 	Done.
		 	Calculating the log determinant ...
		 	Done.
		 	Solving the linear system ...
		 	Done.
		 Calculating the MLE likelihood function ...
		 	Done.
		 	4 - Model Parameters (0.010000, 0.100000, 1.257500, 0.001000)----> LogLi: -107684.948901269905036315
		 ---- Facto Time: 1.984043088000
		 ---- Log Determent Time: 0.000250382000
		 ---- dtrsm Time: 0.020983603000
		 ---- Matrix Generation Time: 0.455787117000
		 ---- Total Time: 2.005277073000
		 ---- Gflop/s: 26.214577660702
		 	Re-store the original Z vector...
		 	Done.
		 	Generate New Covariance Matrix...
		 	Done.
		 	Cholesky factorization of Sigma...
		 	Done.
		 	Calculating the log determinant ...
		 	Done.
		 	Solving the linear system ...
		 	Done.
		 Calculating the MLE likelihood function ...
		 	Done.
		 	5 - Model Parameters (0.010000, 0.100000, 0.010000, 0.500750)----> LogLi: -5623.398398589148200699
		 ---- Facto Time: 2.111842213000
		 ---- Log Determent Time: 0.000251223000
		 ---- dtrsm Time: 0.020966274000
		 ---- Matrix Generation Time: 0.441017346000
		 ---- Total Time: 2.133059710000
		 ---- Gflop/s: 24.643997913255
		 	Re-store the original Z vector...
		 	Done.
		 	Generate New Covariance Matrix...
		 	Done.
		 	Cholesky factorization of Sigma...
		 	Done.
		 	Calculating the log determinant ...
		 	Done.
		 	Solving the linear system ...
		 	Done.
		 Calculating the MLE likelihood function ...
		 	Done.
		 	6 - Model Parameters (5.005000, 0.100000, 0.010000, 0.001000)----> LogLi: -9565.191188869564939523
		 ---- Facto Time: 2.203978465000
		 ---- Log Determent Time: 0.000251902000
		 ---- dtrsm Time: 0.014987066000
		 ---- Matrix Generation Time: 0.436861648000
		 ---- Total Time: 2.219217433000
		 ---- Gflop/s: 23.687131309026
		 	Re-store the original Z vector...
		 	Done.
		 	Generate New Covariance Matrix...
		 	Done.
		 	Cholesky factorization of Sigma...
		 	Done.
		 	Calculating the log determinant ...
		 	Done.
		 	Solving the linear system ...
		 	Done.
		 Calculating the MLE likelihood function ...
		 	Done.
		 	7 - Model Parameters (0.010000, 1000.050000, 0.010000, 0.001000)----> LogLi: -12317.314774075635796180
		 ---- Facto Time: 2.100145250000
		 ---- Log Determent Time: 0.000245946000
		 ---- dtrsm Time: 0.014926763000
		 ---- Matrix Generation Time: 0.788749233000
		 ---- Total Time: 2.115317959000
		 ---- Gflop/s: 24.850656422070
		 	Re-store the original Z vector...
		 	Done.
		 	Generate New Covariance Matrix...
		 	Done.
		 	Cholesky factorization of Sigma...
		 	Done.
		 	Calculating the log determinant ...
		 	Done.
		 	Solving the linear system ...
		 	Done.
		 Calculating the MLE likelihood function ...
		 	Done.
		 	8 - Model Parameters (0.010000, 0.100000, 2.505000, 0.001000)----> LogLi: -107684.948901269905036315
		 ---- Facto Time: 2.186722645000
		 ---- Log Determent Time: 0.000261888000
		 ---- dtrsm Time: 0.129754674000
		 ---- Matrix Generation Time: 0.453107065000
		 ---- Total Time: 2.316739207000
		 ---- Gflop/s: 22.690024837234
		 	Re-store the original Z vector...
		 	Done.
		 	Generate New Covariance Matrix...
		 	Done.
		 	Cholesky factorization of Sigma...
		 	Done.
		 	Calculating the log determinant ...
		 	Done.
		 	Solving the linear system ...
		 	Done.
		 Calculating the MLE likelihood function ...
		 	Done.
		 	9 - Model Parameters (0.010000, 0.100000, 0.010000, 1.000500)----> LogLi: -6242.168337862683983985
		 ---- Facto Time: 2.126576006000
		 ---- Log Determent Time: 0.000254426000
		 ---- dtrsm Time: 0.017980790000
		 ---- Matrix Generation Time: 0.441257395000
		 ---- Total Time: 2.144811222000
		 ---- Gflop/s: 24.508993187327
		 	Re-store the original Z vector...
		 	Done.
		 	Generate New Covariance Matrix...
		 	Done.
		 	Cholesky factorization of Sigma...
		 	Done.
		 	Calculating the log determinant ...
		 	Done.
		 	Solving the linear system ...
		 	Done.
		 Calculating the MLE likelihood function ...
		 	Done.
		 	10 - Model Parameters (1.770993, 334.108935, 0.010000, 0.619579)----> LogLi: -7329.673946636177788605
		 ---- Facto Time: 1.922609315000
		 ---- Log Determent Time: 0.000271297000
		 ---- dtrsm Time: 0.117612591000
		 ---- Matrix Generation Time: 0.852345805000
		 ---- Total Time: 2.040493203000
		 ---- Gflop/s: 25.762358373090
		 	Re-store the original Z vector...
		 	Done.
		 	Generate New Covariance Matrix...
		 	Done.
		 	Cholesky factorization of Sigma...
		 	Done.
		 	Calculating the log determinant ...
		 	Done.
		 	Solving the linear system ...
		 	Done.
		 Calculating the MLE likelihood function ...
		 	Done.
		 	11 - Model Parameters (0.954790, 161.559747, 0.010000, 0.475239)----> LogLi: -6064.604689033105387352
		 ---- Facto Time: 1.943615653000
		 ---- Log Determent Time: 0.003090008000
		 ---- dtrsm Time: 0.105950919000
		 ---- Matrix Generation Time: 1.078168016000
		 ---- Total Time: 2.052656580000
		 ---- Gflop/s: 25.644899083083
		 	Re-store the original Z vector...
		 	Done.
		 	Generate New Covariance Matrix...
		 	Done.
		 	Cholesky factorization of Sigma...
		 	Done.
		 	Calculating the log determinant ...
		 	Done.
		 	Solving the linear system ...
		 	Done.
		 Calculating the MLE likelihood function ...
		 	Done.
		 	12 - Model Parameters (0.509500, 0.100000, 0.010000, 0.450775)----> LogLi: -6169.913477124377095606
		 ---- Facto Time: 1.966315410000
		 ---- Log Determent Time: 0.000253664000
		 ---- dtrsm Time: 0.117623252000
		 ---- Matrix Generation Time: 0.440530959000
		 ---- Total Time: 2.084192326000
		 ---- Gflop/s: 25.221916969742
		 	Re-store the original Z vector...
		 	Done.
		 	Generate New Covariance Matrix...
		 	Done.
		 	Cholesky factorization of Sigma...
		 	Done.
		 	Calculating the log determinant ...
		 	Done.
		 	Solving the linear system ...
		 	Done.
		 Calculating the MLE likelihood function ...
		 	Done.
		 	13 - Model Parameters (0.202512, 0.100000, 0.010000, 0.619601)----> LogLi: -5971.607844612227381731
		 ---- Facto Time: 1.942280803000
		 ---- Log Determent Time: 0.000279403000
		 ---- dtrsm Time: 0.110545329000
		 ---- Matrix Generation Time: 0.438520226000
		 ---- Total Time: 2.053105535000
		 ---- Gflop/s: 25.604179079595
		 	Re-store the original Z vector...
		 	Done.
		 	Generate New Covariance Matrix...
		 	Done.
		 	Cholesky factorization of Sigma...
		 	Done.
		 	Calculating the log determinant ...
		 	Done.
		 	Solving the linear system ...
		 	Done.
		 Calculating the MLE likelihood function ...
		 	Done.
		 	14 - Model Parameters (0.010000, 0.100000, 0.121580, 0.478401)----> LogLi: -5615.805599715694370389
		 ---- Facto Time: 1.996730450000
		 ---- Log Determent Time: 0.003111624000
		 ---- dtrsm Time: 0.108865618000
		 ---- Matrix Generation Time: 0.438895492000
		 ---- Total Time: 2.108707692000
		 ---- Gflop/s: 24.962493377433
		 	Re-store the original Z vector...
		 	Done.
		 	Generate New Covariance Matrix...
		 	Done.
		 	Cholesky factorization of Sigma...
		 	Done.
		 	Calculating the log determinant ...
		 	Done.
		 	Solving the linear system ...
		 	Done.
		 Calculating the MLE likelihood function ...
		 	Done.
		 	15 - Model Parameters (0.014039, 0.100000, 0.196864, 0.518241)----> LogLi: -5634.805943230472621508
		 ---- Facto Time: 1.975345093000
		 ---- Log Determent Time: 0.000262563000
		 ---- dtrsm Time: 0.098576940000
		 ---- Matrix Generation Time: 0.499390433000
		 ---- Total Time: 2.074184596000
		 ---- Gflop/s: 25.343733788762
		 	Re-store the original Z vector...
		 	Done.
		 	Generate New Covariance Matrix...
		 	Done.
		 	Cholesky factorization of Sigma...
		 	Done.
		 	Calculating the log determinant ...
		 	Done.
		 	Solving the linear system ...
		 	Done.
		 Calculating the MLE likelihood function ...
		 	Done.
		 	16 - Model Parameters (0.010000, 36.177352, 0.113528, 0.443952)----> LogLi: -4649.101929384700270020
		 ---- Facto Time: 1.912554426000
		 ---- Log Determent Time: 0.003103332000
		 ---- dtrsm Time: 0.113860337000
		 ---- Matrix Generation Time: 0.925051516000
		 ---- Total Time: 2.029518095000
		 ---- Gflop/s: 25.937892312424
		 	Re-store the original Z vector...
		 	Done.
		 	Generate New Covariance Matrix...
		 	Done.
		 	Cholesky factorization of Sigma...
		 	Done.
		 	Calculating the log determinant ...
		 	Done.
		 	Solving the linear system ...
		 	Done.
		 Calculating the MLE likelihood function ...
		 	Done.
		 	17 - Model Parameters (0.010000, 84.749112, 0.132672, 0.452985)----> LogLi: -3908.651460741556547873
		 ---- Facto Time: 2.246775427000
		 ---- Log Determent Time: 0.000271535000
		 ---- dtrsm Time: 0.108616699000
		 ---- Matrix Generation Time: 1.128927401000
		 ---- Total Time: 2.355663661000
		 ---- Gflop/s: 22.315149703867
		 	Re-store the original Z vector...
		 	Done.
		 	Generate New Covariance Matrix...
		 	Done.
		 	Cholesky factorization of Sigma...
		 	Done.
		 	Calculating the log determinant ...
		 	Done.
		 	Solving the linear system ...
		 	Done.
		 Calculating the MLE likelihood function ...
		 	Done.
		 	18 - Model Parameters (0.010000, 118.240955, 0.174113, 0.419801)----> LogLi: -3507.360173876562839723
		 ---- Facto Time: 1.984693388000
		 ---- Log Determent Time: 0.000255924000
		 ---- dtrsm Time: 0.134588404000
		 ---- Matrix Generation Time: 1.136113171000
		 ---- Total Time: 2.119537716000
		 ---- Gflop/s: 24.801292636690
		 	Re-store the original Z vector...
		 	Done.
		 	Generate New Covariance Matrix...
		 	Done.
		 	Cholesky factorization of Sigma...
		 	Done.
		 	Calculating the log determinant ...
		 	Done.
		 	Solving the linear system ...
		 	Done.
		 Calculating the MLE likelihood function ...
		 	Done.
		 	19 - Model Parameters (0.010000, 159.635205, 0.197536, 0.393390)----> LogLi: -3258.349682995754847070
		 ---- Facto Time: 2.217717630000
		 ---- Log Determent Time: 0.000260275000
		 ---- dtrsm Time: 0.123672826000
		 ---- Matrix Generation Time: 1.074935441000
		 ---- Total Time: 2.341650731000
		 ---- Gflop/s: 22.448595777056
		 	Re-store the original Z vector...
		 	Done.
		 	Generate New Covariance Matrix...
		 	Done.
		 	Cholesky factorization of Sigma...
		 	Done.
		 	Calculating the log determinant ...
		 	Done.
		 	Solving the linear system ...
		 	Done.
		 Calculating the MLE likelihood function ...
		 	Done.
		 	20 - Model Parameters (0.010000, 243.337921, 0.232978, 0.340583)----> LogLi: -2869.395547794218600757
		 ---- Facto Time: 1.789071411000
		 ---- Log Determent Time: 0.000270279000
		 ---- dtrsm Time: 0.120560276000
		 ---- Matrix Generation Time: 0.903812122000
		 ---- Total Time: 1.909901966000
		 ---- Gflop/s: 27.524118007055
		 	Re-store the original Z vector...
		 	Done.
		 	Generate New Covariance Matrix...
		 	Done.
		 	Cholesky factorization of Sigma...
		 	Done.
		 	Calculating the log determinant ...
		 	Done.
		 	Solving the linear system ...
		 	Done.
		 Calculating the MLE likelihood function ...
		 	Done.
		 	21 - Model Parameters (0.010000, 329.683123, 0.282946, 0.282600)----> LogLi: -2458.637897358682948834
		 ---- Facto Time: 2.070116051000
		 ---- Log Determent Time: 0.000260354000
		 ---- dtrsm Time: 0.104636595000
		 ---- Matrix Generation Time: 0.856591675000
		 ---- Total Time: 2.175013000000
		 ---- Gflop/s: 24.168692471613
		 	Re-store the original Z vector...
		 	Done.
		 	Generate New Covariance Matrix...
		 	Done.
		 	Cholesky factorization of Sigma...
		 	Done.
		 	Calculating the log determinant ...
		 	Done.
		 	Solving the linear system ...
		 	Done.
		 Calculating the MLE likelihood function ...
		 	Done.
		 	22 - Model Parameters (0.010000, 501.235525, 0.377474, 0.164241)----> LogLi: -1526.628262908200667880
		 ---- Facto Time: 2.058700872000
		 ---- Log Determent Time: 0.000250677000
		 ---- dtrsm Time: 0.116572527000
		 ---- Matrix Generation Time: 0.846108552000
		 ---- Total Time: 2.175524076000
		 ---- Gflop/s: 24.162906569428
		 	Re-store the original Z vector...
		 	Done.
		 	Generate New Covariance Matrix...
		 	Done.
		 	Cholesky factorization of Sigma...
		 	Done.
		 	Calculating the log determinant ...
		 	Done.
		 	Solving the linear system ...
		 	Done.
		 Calculating the MLE likelihood function ...
		 	Done.
		 	23 - Model Parameters (0.010000, 774.915757, 0.488459, 0.001000)----> LogLi: -103577.856234163933550008
		 ---- Facto Time: 2.204825047000
		 ---- Log Determent Time: 0.000272546000
		 ---- dtrsm Time: 0.114627955000
		 ---- Matrix Generation Time: 0.828909348000
		 ---- Total Time: 2.319725548000
		 ---- Gflop/s: 22.660915249276
		 	Re-store the original Z vector...
		 	Done.
		 	Generate New Covariance Matrix...
		 	Done.
		 	Cholesky factorization of Sigma...
		 	Done.
		 	Calculating the log determinant ...
		 	Done.
		 	Solving the linear system ...
		 	Done.
		 Calculating the MLE likelihood function ...
		 	Done.
		 	24 - Model Parameters (0.010000, 559.309425, 0.420059, 0.183159)----> LogLi: -1695.331896072085328342
		 ---- Facto Time: 1.994419764000
		 ---- Log Determent Time: 0.000258403000
		 ---- dtrsm Time: 0.125581925000
		 ---- Matrix Generation Time: 0.836364502000
		 ---- Total Time: 2.120260092000
		 ---- Gflop/s: 24.792870767850
		 	Re-store the original Z vector...
		 	Done.
		 	Generate New Covariance Matrix...
		 	Done.
		 	Cholesky factorization of Sigma...
		 	Done.
		 	Calculating the log determinant ...
		 	Done.
		 	Solving the linear system ...
		 	Done.
		 Calculating the MLE likelihood function ...
		 	Done.
		 	25 - Model Parameters (0.010000, 519.237629, 0.898554, 0.133453)----> LogLi: -1378.991349785210786649
		 ---- Facto Time: 2.228588684000
		 ---- Log Determent Time: 0.003172958000
		 ---- dtrsm Time: 0.107833206000
		 ---- Matrix Generation Time: 0.832000786000
		 ---- Total Time: 2.339594848000
		 ---- Gflop/s: 22.496334299881
		 	Re-store the original Z vector...
		 	Done.
		 	Generate New Covariance Matrix...
		 	Done.
		 	Cholesky factorization of Sigma...
		 	Done.
		 	Calculating the log determinant ...
		 	Done.
		 	Solving the linear system ...
		 	Done.
		 Calculating the MLE likelihood function ...
		 	Done.
		 	26 - Model Parameters (0.302163, 487.399632, 0.861119, 0.159012)----> LogLi: -1324.543623760248465260
		 ---- Facto Time: 2.281085459000
		 ---- Log Determent Time: 0.000252250000
		 ---- dtrsm Time: 0.023586861000
		 ---- Matrix Generation Time: 0.852705891000
		 ---- Total Time: 2.304924570000
		 ---- Gflop/s: 22.806247745883
		 	Re-store the original Z vector...
		 	Done.
		 	Generate New Covariance Matrix...
		 	Done.
		 	Cholesky factorization of Sigma...
		 	Done.
		 	Calculating the log determinant ...
		 	Done.
		 	Solving the linear system ...
		 	Done.
		 Calculating the MLE likelihood function ...
		 	Done.
		 	27 - Model Parameters (0.136861, 522.980074, 0.837141, 0.252609)----> LogLi: -2157.659337498834702274
		 ---- Facto Time: 1.863586178000
		 ---- Log Determent Time: 0.000249513000
		 ---- dtrsm Time: 0.021657256000
		 ---- Matrix Generation Time: 0.839125430000
		 ---- Total Time: 1.885492947000
		 ---- Gflop/s: 27.880180858914
		 	Re-store the original Z vector...
		 	Done.
		 	Generate New Covariance Matrix...
		 	Done.
		 	Cholesky factorization of Sigma...
		 	Done.
		 	Calculating the log determinant ...
		 	Done.
		 	Solving the linear system ...
		 	Done.
		 Calculating the MLE likelihood function ...
		 	Done.
		 	28 - Model Parameters (0.280466, 450.704179, 0.811098, 0.186064)----> LogLi: -1558.473002283759342390
		 ---- Facto Time: 2.298364100000
		 ---- Log Determent Time: 0.000249057000
		 ---- dtrsm Time: 0.026548482000
		 ---- Matrix Generation Time: 0.842467079000
		 ---- Total Time: 2.325161639000
		 ---- Gflop/s: 22.607700741068
		 	Re-store the original Z vector...
		 	Done.
		 	Generate New Covariance Matrix...
		 	Done.
		 	Cholesky factorization of Sigma...
		 	Done.
		 	Calculating the log determinant ...
		 	Done.
		 	Solving the linear system ...
		 	Done.
		 Calculating the MLE likelihood function ...
		 	Done.
		 	29 - Model Parameters (0.238602, 506.168173, 0.749985, 0.160338)----> LogLi: -1316.184314239776540489
		 ---- Facto Time: 1.806598632000
		 ---- Log Determent Time: 0.000254159000
		 ---- dtrsm Time: 0.027604490000
		 ---- Matrix Generation Time: 0.835181405000
		 ---- Total Time: 1.834457281000
		 ---- Gflop/s: 28.656001765872
		 	Re-store the original Z vector...
		 	Done.
		 	Generate New Covariance Matrix...
		 	Done.
		 	Cholesky factorization of Sigma...
		 	Done.
		 	Calculating the log determinant ...
		 	Done.
		 	Solving the linear system ...
		 	Done.
		 Calculating the MLE likelihood function ...
		 	Done.
		 	30 - Model Parameters (0.219852, 464.659459, 0.689290, 0.147269)----> LogLi: -1156.161225903950253269
		 ---- Facto Time: 2.045343068000
		 ---- Log Determent Time: 0.000254577000
		 ---- dtrsm Time: 0.116566131000
		 ---- Matrix Generation Time: 0.838484513000
		 ---- Total Time: 2.162163776000
		 ---- Gflop/s: 24.312273580830
		 	Re-store the original Z vector...
		 	Done.
		 	Generate New Covariance Matrix...
		 	Done.
		 	Cholesky factorization of Sigma...
		 	Done.
		 	Calculating the log determinant ...
		 	Done.
		 	Solving the linear system ...
		 	Done.
		 Calculating the MLE likelihood function ...
		 	Done.
		 	31 - Model Parameters (0.033293, 461.616511, 0.651111, 0.176608)----> LogLi: -1575.757090753843840503
		 ---- Facto Time: 2.228006682000
		 ---- Log Determent Time: 0.003145570000
		 ---- dtrsm Time: 0.132853621000
		 ---- Matrix Generation Time: 0.845633733000
		 ---- Total Time: 2.364005873000
		 ---- Gflop/s: 22.263463804364
		 	Re-store the original Z vector...
		 	Done.
		 	Generate New Covariance Matrix...
		 	Done.
		 	Cholesky factorization of Sigma...
		 	Done.
		 	Calculating the log determinant ...
		 	Done.
		 	Solving the linear system ...
		 	Done.
		 Calculating the MLE likelihood function ...
		 	Done.
		 	32 - Model Parameters (0.287471, 436.772227, 0.626791, 0.177444)----> LogLi: -1422.766197685835322773
		 ---- Facto Time: 2.082929126000
		 ---- Log Determent Time: 0.000257040000
		 ---- dtrsm Time: 0.131589787000
		 ---- Matrix Generation Time: 0.847840304000
		 ---- Total Time: 2.214775953000
		 ---- Gflop/s: 23.734693614242
		 	Re-store the original Z vector...
		 	Done.
		 	Generate New Covariance Matrix...
		 	Done.
		 	Cholesky factorization of Sigma...
		 	Done.
		 	Calculating the log determinant ...
		 	Done.
		 	Solving the linear system ...
		 	Done.
		 Calculating the MLE likelihood function ...
		 	Done.
		 	33 - Model Parameters (0.377741, 452.205202, 0.761373, 0.124674)----> LogLi: -893.627826754814577725
		 ---- Facto Time: 2.148674469000
		 ---- Log Determent Time: 0.000260619000
		 ---- dtrsm Time: 0.126659798000
		 ---- Matrix Generation Time: 0.839006162000
		 ---- Total Time: 2.275594886000
		 ---- Gflop/s: 23.100310431443
		 	Re-store the original Z vector...
		 	Done.
		 	Generate New Covariance Matrix...
		 	Done.
		 	Cholesky factorization of Sigma...
		 	Done.
		 	Calculating the log determinant ...
		 	Done.
		 	Solving the linear system ...
		 	Done.
		 Calculating the MLE likelihood function ...
		 	Done.
		 	34 - Model Parameters (0.489904, 456.472301, 0.868767, 0.113507)----> LogLi: -807.944961089288881340
		 ---- Facto Time: 2.050654210000
		 ---- Log Determent Time: 0.000266492000
		 ---- dtrsm Time: 0.120603149000
		 ---- Matrix Generation Time: 0.837093259000
		 ---- Total Time: 2.171523851000
		 ---- Gflop/s: 24.207599198286
		 	Re-store the original Z vector...
		 	Done.
		 	Generate New Covariance Matrix...
		 	Done.
		 	Cholesky factorization of Sigma...
		 	Done.
		 	Calculating the log determinant ...
		 	Done.
		 	Solving the linear system ...
		 	Done.
		 Calculating the MLE likelihood function ...
		 	Done.
		 	35 - Model Parameters (0.597784, 436.254030, 0.928548, 0.081110)----> LogLi: -486.382540423095633741
		 ---- Facto Time: 2.209829571000
		 ---- Log Determent Time: 0.000262748000
		 ---- dtrsm Time: 0.119647299000
		 ---- Matrix Generation Time: 0.836828581000
		 ---- Total Time: 2.329739618000
		 ---- Gflop/s: 22.563404075783
		 	Re-store the original Z vector...
		 	Done.
		 	Generate New Covariance Matrix...
		 	Done.
		 	Cholesky factorization of Sigma...
		 	Done.
		 	Calculating the log determinant ...
		 	Done.
		 	Solving the linear system ...
		 	Done.
		 Calculating the MLE likelihood function ...
		 	Done.
		 	36 - Model Parameters (0.773847, 446.837374, 1.009246, 0.071142)----> LogLi: -459.179620932221951080
		 ---- Facto Time: 2.069053417000
		 ---- Log Determent Time: 0.000256265000
		 ---- dtrsm Time: 0.122555345000
		 ---- Matrix Generation Time: 0.824764937000
		 ---- Total Time: 2.191865027000
		 ---- Gflop/s: 23.982806062079
		 	Re-store the original Z vector...
		 	Done.
		 	Generate New Covariance Matrix...
		 	Done.
		 	Cholesky factorization of Sigma...
		 	Done.
		 	Calculating the log determinant ...
		 	Done.
		 	Solving the linear system ...
		 	Done.
		 Calculating the MLE likelihood function ...
		 	Done.
		 	37 - Model Parameters (0.904474, 421.427844, 1.038357, 0.038999)----> LogLi: -591.728920486864808481
		 ---- Facto Time: 1.994040663000
		 ---- Log Determent Time: 0.000278663000
		 ---- dtrsm Time: 0.118648682000
		 ---- Matrix Generation Time: 0.840665731000
		 ---- Total Time: 2.112968008000
		 ---- Gflop/s: 24.878682721335
		 	Re-store the original Z vector...
		 	Done.
		 	Generate New Covariance Matrix...
		 	Done.
		 	Cholesky factorization of Sigma...
		 	Done.
		 	Calculating the log determinant ...
		 	Done.
		 	Solving the linear system ...
		 	Done.
		 Calculating the MLE likelihood function ...
		 	Done.
		 	38 - Model Parameters (0.737113, 448.325305, 1.068731, 0.070622)----> LogLi: -536.162871444147640432
		 ---- Facto Time: 2.000533727000
		 ---- Log Determent Time: 0.000265950000
		 ---- dtrsm Time: 0.123556427000
		 ---- Matrix Generation Time: 0.831206671000
		 ---- Total Time: 2.124356104000
		 ---- Gflop/s: 24.745149260270
		 	Re-store the original Z vector...
		 	Done.
		 	Generate New Covariance Matrix...
		 	Done.
		 	Cholesky factorization of Sigma...
		 	Done.
		 	Calculating the log determinant ...
		 	Done.
		 	Solving the linear system ...
		 	Done.
		 Calculating the MLE likelihood function ...
		 	Done.
		 	39 - Model Parameters (0.796381, 437.158503, 1.024610, 0.073212)----> LogLi: -474.587849308687509620
		 ---- Facto Time: 2.271140014000
		 ---- Log Determent Time: 0.001658312000
		 ---- dtrsm Time: 0.135339268000
		 ---- Matrix Generation Time: 0.834509187000
		 ---- Total Time: 2.408137594000
		 ---- Gflop/s: 21.841421322903
		 	Re-store the original Z vector...
		 	Done.
		 	Generate New Covariance Matrix...
		 	Done.
		 	Cholesky factorization of Sigma...
		 	Done.
		 	Calculating the log determinant ...
		 	Done.
		 	Solving the linear system ...
		 	Done.
		 Calculating the MLE likelihood function ...
		 	Done.
		 	40 - Model Parameters (0.776205, 450.814855, 1.037786, 0.074200)----> LogLi: -512.296477965245685482
		 ---- Facto Time: 1.759737928000
		 ---- Log Determent Time: 0.000263171000
		 ---- dtrsm Time: 0.121538344000
		 ---- Matrix Generation Time: 0.830019303000
		 ---- Total Time: 1.881539443000
		 ---- Gflop/s: 27.938973496499
		 	Re-store the original Z vector...
		 	Done.
		 	Generate New Covariance Matrix...
		 	Done.
		 	Cholesky factorization of Sigma...
		 	Done.
		 	Calculating the log determinant ...
		 	Done.
		 	Solving the linear system ...
		 	Done.
		 Calculating the MLE likelihood function ...
		 	Done.
		 	41 - Model Parameters (0.793754, 449.048876, 1.004547, 0.071965)----> LogLi: -455.537910888367150619
		 ---- Facto Time: 2.217184474000
		 ---- Log Determent Time: 0.003112799000
		 ---- dtrsm Time: 0.032847149000
		 ---- Matrix Generation Time: 0.828469205000
		 ---- Total Time: 2.253144422000
		 ---- Gflop/s: 23.360084083138
		 	Re-store the original Z vector...
		 	Done.
		 	Generate New Covariance Matrix...
		 	Done.
		 	Cholesky factorization of Sigma...
		 	Done.
		 	Calculating the log determinant ...
		 	Done.
		 	Solving the linear system ...
		 	Done.
		 Calculating the MLE likelihood function ...
		 	Done.
		 	42 - Model Parameters (0.790328, 446.537067, 0.994491, 0.073370)----> LogLi: -451.813031356386090920
		 ---- Facto Time: 2.022926345000
		 ---- Log Determent Time: 0.000265010000
		 ---- dtrsm Time: 0.122559270000
		 ---- Matrix Generation Time: 0.847864057000
		 ---- Total Time: 2.145750625000
		 ---- Gflop/s: 24.498382806915
		 	Re-store the original Z vector...
		 	Done.
		 	Generate New Covariance Matrix...
		 	Done.
		 	Cholesky factorization of Sigma...
		 	Done.
		 	Calculating the log determinant ...
		 	Done.
		 	Solving the linear system ...
		 	Done.
		 Calculating the MLE likelihood function ...
		 	Done.
		 	43 - Model Parameters (0.784046, 447.501418, 0.997603, 0.077942)----> LogLi: -490.777872638261214888
		 ---- Facto Time: 2.221535843000
		 ---- Log Determent Time: 0.003093489000
		 ---- dtrsm Time: 0.108855373000
		 ---- Matrix Generation Time: 0.827158120000
		 ---- Total Time: 2.333484705000
		 ---- Gflop/s: 22.554551159534
		 	Re-store the original Z vector...
		 	Done.
		 	Generate New Covariance Matrix...
		 	Done.
		 	Cholesky factorization of Sigma...
		 	Done.
		 	Calculating the log determinant ...
		 	Done.
		 	Solving the linear system ...
		 	Done.
		 Calculating the MLE likelihood function ...
		 	Done.
		 	44 - Model Parameters (0.781329, 445.933713, 0.983584, 0.071860)----> LogLi: -430.948731913312258257
		 ---- Facto Time: 1.966512739000
		 ---- Log Determent Time: 0.003123832000
		 ---- dtrsm Time: 0.120849048000
		 ---- Matrix Generation Time: 0.828123157000
		 ---- Total Time: 2.090485619000
		 ---- Gflop/s: 25.180554818215
		 	Re-store the original Z vector...
		 	Done.
		 	Generate New Covariance Matrix...
		 	Done.
		 	Cholesky factorization of Sigma...
		 	Done.
		 	Calculating the log determinant ...
		 	Done.
		 	Solving the linear system ...
		 	Done.
		 Calculating the MLE likelihood function ...
		 	Done.
		 	45 - Model Parameters (0.763209, 446.797871, 0.960509, 0.072606)----> LogLi: -414.711451923961249122
		 ---- Facto Time: 2.054208698000
		 ---- Log Determent Time: 0.000753639000
		 ---- dtrsm Time: 0.113068977000
		 ---- Matrix Generation Time: 0.833558213000
		 ---- Total Time: 2.168031314000
		 ---- Gflop/s: 24.252050629830
		 	Re-store the original Z vector...
		 	Done.
		 	Generate New Covariance Matrix...
		 	Done.
		 	Cholesky factorization of Sigma...
		 	Done.
		 	Calculating the log determinant ...
		 	Done.
		 	Solving the linear system ...
		 	Done.
		 Calculating the MLE likelihood function ...
		 	Done.
		 	46 - Model Parameters (0.733453, 444.470135, 0.942030, 0.074663)----> LogLi: -415.084399755189224379
		 ---- Facto Time: 2.316139643000
		 ---- Log Determent Time: 0.000259217000
		 ---- dtrsm Time: 0.020640703000
		 ---- Matrix Generation Time: 0.834534454000
		 ---- Total Time: 2.337039563000
		 ---- Gflop/s: 22.492883420973
		 	Re-store the original Z vector...
		 	Done.
		 	Generate New Covariance Matrix...
		 	Done.
		 	Cholesky factorization of Sigma...
		 	Done.
		 	Calculating the log determinant ...
		 	Done.
		 	Solving the linear system ...
		 	Done.
		 Calculating the MLE likelihood function ...
		 	Done.
		 	47 - Model Parameters (0.742257, 448.812914, 0.958785, 0.074298)----> LogLi: -432.373488302821897378
		 ---- Facto Time: 2.325055332000
		 ---- Log Determent Time: 0.000247652000
		 ---- dtrsm Time: 0.020618822000
		 ---- Matrix Generation Time: 0.840692588000
		 ---- Total Time: 2.345921806000
		 ---- Gflop/s: 22.407599884822
		 	Re-store the original Z vector...
		 	Done.
		 	Generate New Covariance Matrix...
		 	Done.
		 	Cholesky factorization of Sigma...
		 	Done.
		 	Calculating the log determinant ...
		 	Done.
		 	Solving the linear system ...
		 	Done.
		 Calculating the MLE likelihood function ...
		 	Done.
		 	48 - Model Parameters (0.773826, 446.596198, 0.954989, 0.068665)----> LogLi: -378.406835584560212737
		 ---- Facto Time: 1.947173866000
		 ---- Log Determent Time: 0.000248795000
		 ---- dtrsm Time: 0.017575170000
		 ---- Matrix Generation Time: 0.831643602000
		 ---- Total Time: 1.964997831000
		 ---- Gflop/s: 26.751980502308
		 	Re-store the original Z vector...
		 	Done.
		 	Generate New Covariance Matrix...
		 	Done.
		 	Cholesky factorization of Sigma...
		 	Done.
		 	Calculating the log determinant ...
		 	Done.
		 	Solving the linear system ...
		 	Done.
		 Calculating the MLE likelihood function ...
		 	Done.
		 	49 - Model Parameters (0.802201, 446.582206, 0.944454, 0.061604)----> LogLi: -319.060481841169348627
		 ---- Facto Time: 2.264416224000
		 ---- Log Determent Time: 0.003116847000
		 ---- dtrsm Time: 0.029856738000
		 ---- Matrix Generation Time: 0.835245935000
		 ---- Total Time: 2.297389809000
		 ---- Gflop/s: 22.909622688131
		 	Re-store the original Z vector...
		 	Done.
		 	Generate New Covariance Matrix...
		 	Done.
		 	Cholesky factorization of Sigma...
		 	Done.
		 	Calculating the log determinant ...
		 	Done.
		 	Solving the linear system ...
		 	Done.
		 Calculating the MLE likelihood function ...
		 	Done.
		 	50 - Model Parameters (0.837391, 446.009849, 0.943558, 0.054543)----> LogLi: -290.335224313093021919
		 ---- Facto Time: 2.177247203000
		 ---- Log Determent Time: 0.000244352000
		 ---- dtrsm Time: 0.024656411000
		 ---- Matrix Generation Time: 0.846584527000
		 ---- Total Time: 2.202147966000
		 ---- Gflop/s: 23.870676068112
		 	Re-store the original Z vector...
		 	Done.
		 	Generate New Covariance Matrix...
		 	Done.
		 	Cholesky factorization of Sigma...
		 	Done.
		 	Calculating the log determinant ...
		 	Done.
		 	Solving the linear system ...
		 	Done.
		 Calculating the MLE likelihood function ...
		 	Done.
		 	51 - Model Parameters (0.842136, 446.095544, 0.919221, 0.052558)----> LogLi: -245.961356116727074550
		 ---- Facto Time: 2.292929817000
		 ---- Log Determent Time: 0.003019997000
		 ---- dtrsm Time: 0.111784716000
		 ---- Matrix Generation Time: 0.834901997000
		 ---- Total Time: 2.407734530000
		 ---- Gflop/s: 21.857450097175
		 	Re-store the original Z vector...
		 	Done.
		 	Generate New Covariance Matrix...
		 	Done.
		 	Cholesky factorization of Sigma...
		 	Done.
		 	Calculating the log determinant ...
		 	Done.
		 	Solving the linear system ...
		 	Done.
		 Calculating the MLE likelihood function ...
		 	Done.
		 	52 - Model Parameters (0.838068, 445.868822, 0.894669, 0.050993)----> LogLi: -201.904678103742298845
		 ---- Facto Time: 1.933241886000
		 ---- Log Determent Time: 0.000257065000
		 ---- dtrsm Time: 0.117644983000
		 ---- Matrix Generation Time: 0.842459319000
		 ---- Total Time: 2.051143934000
		 ---- Gflop/s: 25.628389696906
		 	Re-store the original Z vector...
		 	Done.
		 	Generate New Covariance Matrix...
		 	Done.
		 	Cholesky factorization of Sigma...
		 	Done.
		 	Calculating the log determinant ...
		 	Done.
		 	Solving the linear system ...
		 	Done.
		 Calculating the MLE likelihood function ...
		 	Done.
		 	53 - Model Parameters (0.866603, 445.454041, 0.847022, 0.049415)----> LogLi: -96.562371419074224832
		 ---- Facto Time: 2.040118068000
		 ---- Log Determent Time: 0.000258912000
		 ---- dtrsm Time: 0.122637003000
		 ---- Matrix Generation Time: 0.833554330000
		 ---- Total Time: 2.163013983000
		 ---- Gflop/s: 24.302764842760
		 	Re-store the original Z vector...
		 	Done.
		 	Generate New Covariance Matrix...
		 	Done.
		 	Cholesky factorization of Sigma...
		 	Done.
		 	Calculating the log determinant ...
		 	Done.
		 	Solving the linear system ...
		 	Done.
		 Calculating the MLE likelihood function ...
		 	Done.
		 	54 - Model Parameters (0.887144, 449.012640, 0.749835, 0.042132)----> LogLi: 129.013187274206757138
		 ---- Facto Time: 2.073660433000
		 ---- Log Determent Time: 0.000267915000
		 ---- dtrsm Time: 0.120579904000
		 ---- Matrix Generation Time: 0.840127623000
		 ---- Total Time: 2.194508252000
		 ---- Gflop/s: 23.954043236149
		 	Re-store the original Z vector...
		 	Done.
		 	Generate New Covariance Matrix...
		 	Done.
		 	Cholesky factorization of Sigma...
		 	Done.
		 	Calculating the log determinant ...
		 	Done.
		 	Solving the linear system ...
		 	Done.
		 Calculating the MLE likelihood function ...
		 	Done.
		 	55 - Model Parameters (0.914621, 455.640174, 0.551759, 0.037316)----> LogLi: 569.866952602894343727
		 ---- Facto Time: 2.166600399000
		 ---- Log Determent Time: 0.000261723000
		 ---- dtrsm Time: 0.114299742000
		 ---- Matrix Generation Time: 0.851130303000
		 ---- Total Time: 2.281161864000
		 ---- Gflop/s: 23.043940836426
		 	Re-store the original Z vector...
		 	Done.
		 	Generate New Covariance Matrix...
		 	Done.
		 	Cholesky factorization of Sigma...
		 	Done.
		 	Calculating the log determinant ...
		 	Done.
		 	Solving the linear system ...
		 	Done.
		 Calculating the MLE likelihood function ...
		 	Done.
		 	56 - Model Parameters (1.094034, 469.092266, 0.174951, 0.001000)----> LogLi: -1973.673208662857177842
		 ---- Facto Time: 2.316740615000
		 ---- Log Determent Time: 0.000257929000
		 ---- dtrsm Time: 0.009608630000
		 ---- Matrix Generation Time: 0.829106556000
		 ---- Total Time: 2.326607174000
		 ---- Gflop/s: 22.593739102574
		 	Re-store the original Z vector...
		 	Done.
		 	Generate New Covariance Matrix...
		 	Done.
		 	Cholesky factorization of Sigma...
		 	Done.
		 	Calculating the log determinant ...
		 	Done.
		 	Solving the linear system ...
		 	Done.
		 Calculating the MLE likelihood function ...
		 	Done.
		 	57 - Model Parameters (0.989526, 449.532175, 0.552248, 0.048708)----> LogLi: 391.530548648070180207
		 ---- Facto Time: 1.979881632000
		 ---- Log Determent Time: 0.000242959000
		 ---- dtrsm Time: 0.113596978000
		 ---- Matrix Generation Time: 0.843930757000
		 ---- Total Time: 2.093721569000
		 ---- Gflop/s: 25.106981104049
		 	Re-store the original Z vector...
		 	Done.
		 	Generate New Covariance Matrix...
		 	Done.
		 	Cholesky factorization of Sigma...
		 	Done.
		 	Calculating the log determinant ...
		 	Done.
		 	Solving the linear system ...
		 	Done.
		 Calculating the MLE likelihood function ...
		 	Done.
		 	58 - Model Parameters (0.613423, 440.202392, 0.469883, 0.075359)----> LogLi: -104.113720875067883753
		 ---- Facto Time: 2.313875328000
		 ---- Log Determent Time: 0.000262028000
		 ---- dtrsm Time: 0.111653761000
		 ---- Matrix Generation Time: 0.842840950000
		 ---- Total Time: 2.425791117000
		 ---- Gflop/s: 21.669881487453
		 	Re-store the original Z vector...
		 	Done.
		 	Generate New Covariance Matrix...
		 	Done.
		 	Cholesky factorization of Sigma...
		 	Done.
		 	Calculating the log determinant ...
		 	Done.
		 	Solving the linear system ...
		 	Done.
		 Calculating the MLE likelihood function ...
		 	Done.
		 	59 - Model Parameters (0.984383, 459.215822, 0.570723, 0.028505)----> LogLi: 654.944344667736913834
		 ---- Facto Time: 2.153624583000
		 ---- Log Determent Time: 0.000261444000
		 ---- dtrsm Time: 0.110667548000
		 ---- Matrix Generation Time: 0.839486557000
		 ---- Total Time: 2.264553575000
		 ---- Gflop/s: 23.212962313210
		 	Re-store the original Z vector...
		 	Done.
		 	Generate New Covariance Matrix...
		 	Done.
		 	Cholesky factorization of Sigma...
		 	Done.
		 	Calculating the log determinant ...
		 	Done.
		 	Solving the linear system ...
		 	Done.
		 Calculating the MLE likelihood function ...
		 	Done.
		 	60 - Model Parameters (1.018171, 492.959678, 0.555648, 0.047963)----> LogLi: 397.573391410638578236
		 ---- Facto Time: 1.953164789000
		 ---- Log Determent Time: 0.000247497000
		 ---- dtrsm Time: 0.032645178000
		 ---- Matrix Generation Time: 0.847521250000
		 ---- Total Time: 1.986057464000
		 ---- Gflop/s: 26.468256669295
		 	Re-store the original Z vector...
		 	Done.
		 	Generate New Covariance Matrix...
		 	Done.
		 	Cholesky factorization of Sigma...
		 	Done.
		 	Calculating the log determinant ...
		 	Done.
		 	Solving the linear system ...
		 	Done.
		 Calculating the MLE likelihood function ...
		 	Done.
		 	61 - Model Parameters (0.969787, 444.639392, 0.577235, 0.020100)----> LogLi: 625.891315702386236808
		 ---- Facto Time: 2.132501020000
		 ---- Log Determent Time: 0.000253443000
		 ---- dtrsm Time: 0.027644039000
		 ---- Matrix Generation Time: 0.849231695000
		 ---- Total Time: 2.160398502000
		 ---- Gflop/s: 24.332128846630
		 	Re-store the original Z vector...
		 	Done.
		 	Generate New Covariance Matrix...
		 	Done.
		 	Cholesky factorization of Sigma...
		 	Done.
		 	Calculating the log determinant ...
		 	Done.
		 	Solving the linear system ...
		 	Done.
		 Calculating the MLE likelihood function ...
		 	Done.
		 	62 - Model Parameters (1.000048, 468.510058, 0.611404, 0.034661)----> LogLi: 515.771524965585740574
		 ---- Facto Time: 2.284130447000
		 ---- Log Determent Time: 0.003061933000
		 ---- dtrsm Time: 0.020821877000
		 ---- Matrix Generation Time: 0.840623656000
		 ---- Total Time: 2.308014257000
		 ---- Gflop/s: 22.803477258821
		 	Re-store the original Z vector...
		 	Done.
		 	Generate New Covariance Matrix...
		 	Done.
		 	Cholesky factorization of Sigma...
		 	Done.
		 	Calculating the log determinant ...
		 	Done.
		 	Solving the linear system ...
		 	Done.
		 Calculating the MLE likelihood function ...
		 	Done.
		 	63 - Model Parameters (0.991119, 459.822538, 0.546411, 0.026816)----> LogLi: 722.251058161206856312
		 ---- Facto Time: 1.819522461000
		 ---- Log Determent Time: 0.003059980000
		 ---- dtrsm Time: 0.026836846000
		 ---- Matrix Generation Time: 0.843230424000
		 ---- Total Time: 1.849419287000
		 ---- Gflop/s: 28.467334447704
		 	Re-store the original Z vector...
		 	Done.
		 	Generate New Covariance Matrix...
		 	Done.
		 	Cholesky factorization of Sigma...
		 	Done.
		 	Calculating the log determinant ...
		 	Done.
		 	Solving the linear system ...
		 	Done.
		 Calculating the MLE likelihood function ...
		 	Done.
		 	64 - Model Parameters (1.030085, 457.206898, 0.533777, 0.024236)----> LogLi: 782.028172369139610964
		 ---- Facto Time: 2.255951489000
		 ---- Log Determent Time: 0.000252483000
		 ---- dtrsm Time: 0.113645272000
		 ---- Matrix Generation Time: 0.844802639000
		 ---- Total Time: 2.369849244000
		 ---- Gflop/s: 22.181380717628
		 	Re-store the original Z vector...
		 	Done.
		 	Generate New Covariance Matrix...
		 	Done.
		 	Cholesky factorization of Sigma...
		 	Done.
		 	Calculating the log determinant ...
		 	Done.
		 	Solving the linear system ...
		 	Done.
		 Calculating the MLE likelihood function ...
		 	Done.
		 	65 - Model Parameters (1.046306, 456.424706, 0.511232, 0.021556)----> LogLi: 849.811312628510677314
		 ---- Facto Time: 1.864705461000
		 ---- Log Determent Time: 0.000242287000
		 ---- dtrsm Time: 0.029654778000
		 ---- Matrix Generation Time: 0.847992513000
		 ---- Total Time: 1.894602526000
		 ---- Gflop/s: 27.746004598759
		 	Re-store the original Z vector...
		 	Done.
		 	Generate New Covariance Matrix...
		 	Done.
		 	Cholesky factorization of Sigma...
		 	Done.
		 	Calculating the log determinant ...
		 	Done.
		 	Solving the linear system ...
		 	Done.
		 Calculating the MLE likelihood function ...
		 	Done.
		 	66 - Model Parameters (1.055751, 458.797936, 0.466505, 0.029885)----> LogLi: 708.081708974646062416
		 ---- Facto Time: 2.116342303000
		 ---- Log Determent Time: 0.003062974000
		 ---- dtrsm Time: 0.119843612000
		 ---- Matrix Generation Time: 0.840407174000
		 ---- Total Time: 2.239248889000
		 ---- Gflop/s: 23.504721834812
		 	Re-store the original Z vector...
		 	Done.
		 	Generate New Covariance Matrix...
		 	Done.
		 	Cholesky factorization of Sigma...
		 	Done.
		 	Calculating the log determinant ...
		 	Done.
		 	Solving the linear system ...
		 	Done.
		 Calculating the MLE likelihood function ...
		 	Done.
		 	67 - Model Parameters (1.087681, 457.975253, 0.515184, 0.016414)----> LogLi: 876.811125811564124888
		 ---- Facto Time: 2.291102006000
		 ---- Log Determent Time: 0.000242333000
		 ---- dtrsm Time: 0.120680171000
		 ---- Matrix Generation Time: 0.847609456000
		 ---- Total Time: 2.412024510000
		 ---- Gflop/s: 21.793397597946
		 	Re-store the original Z vector...
		 	Done.
		 	Generate New Covariance Matrix...
		 	Done.
		 	Cholesky factorization of Sigma...
		 	Done.
		 	Calculating the log determinant ...
		 	Done.
		 	Solving the linear system ...
		 	Done.
		 Calculating the MLE likelihood function ...
		 	Done.
		 	68 - Model Parameters (1.082624, 452.914319, 0.506564, 0.008580)----> LogLi: 784.698825570921144390
		 ---- Facto Time: 1.856033021000
		 ---- Log Determent Time: 0.000251215000
		 ---- dtrsm Time: 0.026630196000
		 ---- Matrix Generation Time: 0.846696648000
		 ---- Total Time: 1.882914432000
		 ---- Gflop/s: 27.918391047526
		 	Re-store the original Z vector...
		 	Done.
		 	Generate New Covariance Matrix...
		 	Done.
		 	Cholesky factorization of Sigma...
		 	Done.
		 	Calculating the log determinant ...
		 	Done.
		 	Solving the linear system ...
		 	Done.
		 Calculating the MLE likelihood function ...
		 	Done.
		 	69 - Model Parameters (1.097156, 458.398709, 0.504097, 0.015198)----> LogLi: 910.875326166188642674
		 ---- Facto Time: 2.226395543000
		 ---- Log Determent Time: 0.003055076000
		 ---- dtrsm Time: 0.116843692000
		 ---- Matrix Generation Time: 0.846345587000
		 ---- Total Time: 2.346294311000
		 ---- Gflop/s: 22.430884187120
		 	Re-store the original Z vector...
		 	Done.
		 	Generate New Covariance Matrix...
		 	Done.
		 	Cholesky factorization of Sigma...
		 	Done.
		 	Calculating the log determinant ...
		 	Done.
		 	Solving the linear system ...
		 	Done.
		 Calculating the MLE likelihood function ...
		 	Done.
		 	70 - Model Parameters (1.099745, 462.341346, 0.496637, 0.015693)----> LogLi: 926.599005548959212319
		 ---- Facto Time: 2.299211866000
		 ---- Log Determent Time: 0.000265724000
		 ---- dtrsm Time: 0.030645271000
		 ---- Matrix Generation Time: 0.851507492000
		 ---- Total Time: 2.330122861000
		 ---- Gflop/s: 22.559721395913
		 	Re-store the original Z vector...
		 	Done.
		 	Generate New Covariance Matrix...
		 	Done.
		 	Cholesky factorization of Sigma...
		 	Done.
		 	Calculating the log determinant ...
		 	Done.
		 	Solving the linear system ...
		 	Done.
		 Calculating the MLE likelihood function ...
		 	Done.
		 	71 - Model Parameters (1.116844, 460.979136, 0.491133, 0.018253)----> LogLi: 920.489822410412671161
		 ---- Facto Time: 1.867531426000
		 ---- Log Determent Time: 0.000259485000
		 ---- dtrsm Time: 0.126664853000
		 ---- Matrix Generation Time: 0.879193175000
		 ---- Total Time: 1.994455764000
		 ---- Gflop/s: 26.356948138203
		 	Re-store the original Z vector...
		 	Done.
		 	Generate New Covariance Matrix...
		 	Done.
		 	Cholesky factorization of Sigma...
		 	Done.
		 	Calculating the log determinant ...
		 	Done.
		 	Solving the linear system ...
		 	Done.
		 Calculating the MLE likelihood function ...
		 	Done.
		 	72 - Model Parameters (1.092046, 465.231389, 0.502207, 0.018739)----> LogLi: 894.568020607960534107
		 ---- Facto Time: 2.291093976000
		 ---- Log Determent Time: 0.000260973000
		 ---- dtrsm Time: 0.017624971000
		 ---- Matrix Generation Time: 0.857719013000
		 ---- Total Time: 2.308979920000
		 ---- Gflop/s: 22.766273898908
		 	Re-store the original Z vector...
		 	Done.
		 	Generate New Covariance Matrix...
		 	Done.
		 	Cholesky factorization of Sigma...
		 	Done.
		 	Calculating the log determinant ...
		 	Done.
		 	Solving the linear system ...
		 	Done.
		 Calculating the MLE likelihood function ...
		 	Done.
		 	73 - Model Parameters (1.100564, 460.200257, 0.485980, 0.014230)----> LogLi: 956.001457951276279346
		 ---- Facto Time: 2.031420751000
		 ---- Log Determent Time: 0.000261735000
		 ---- dtrsm Time: 0.107645758000
		 ---- Matrix Generation Time: 0.845325179000
		 ---- Total Time: 2.139328244000
		 ---- Gflop/s: 24.571899789863
		 	Re-store the original Z vector...
		 	Done.
		 	Generate New Covariance Matrix...
		 	Done.
		 	Cholesky factorization of Sigma...
		 	Done.
		 	Calculating the log determinant ...
		 	Done.
		 	Solving the linear system ...
		 	Done.
		 Calculating the MLE likelihood function ...
		 	Done.
		 	74 - Model Parameters (1.108660, 458.382102, 0.463684, 0.010462)----> LogLi: 1014.225666330011335958
		 ---- Facto Time: 2.121365455000
		 ---- Log Determent Time: 0.000270681000
		 ---- dtrsm Time: 0.120631302000
		 ---- Matrix Generation Time: 0.864356931000
		 ---- Total Time: 2.242267438000
		 ---- Gflop/s: 23.443801931869
		 	Re-store the original Z vector...
		 	Done.
		 	Generate New Covariance Matrix...
		 	Done.
		 	Cholesky factorization of Sigma...
		 	Done.
		 	Calculating the log determinant ...
		 	Done.
		 	Solving the linear system ...
		 	Done.
		 Calculating the MLE likelihood function ...
		 	Done.
		 	75 - Model Parameters (1.132737, 454.951141, 0.421213, 0.001793)----> LogLi: 1101.744873491909856966
		 ---- Facto Time: 1.882269802000
		 ---- Log Determent Time: 0.000262952000
		 ---- dtrsm Time: 0.111629777000
		 ---- Matrix Generation Time: 0.838437522000
		 ---- Total Time: 1.994162531000
		 ---- Gflop/s: 26.360870154434
		 	Re-store the original Z vector...
		 	Done.
		 	Generate New Covariance Matrix...
		 	Done.
		 	Cholesky factorization of Sigma...
		 	Done.
		 	Calculating the log determinant ...
		 	Done.
		 	Solving the linear system ...
		 	Done.
		 Calculating the MLE likelihood function ...
		 	Done.
		 	76 - Model Parameters (1.136038, 456.149282, 0.401783, 0.001000)----> LogLi: 1097.343719509139191359
		 ---- Facto Time: 1.976420614000
		 ---- Log Determent Time: 0.000258721000
		 ---- dtrsm Time: 0.128647928000
		 ---- Matrix Generation Time: 0.841298843000
		 ---- Total Time: 2.105327263000
		 ---- Gflop/s: 24.968748928746
		 	Re-store the original Z vector...
		 	Done.
		 	Generate New Covariance Matrix...
		 	Done.
		 	Cholesky factorization of Sigma...
		 	Done.
		 	Calculating the log determinant ...
		 	Done.
		 	Solving the linear system ...
		 	Done.
		 Calculating the MLE likelihood function ...
		 	Done.
		 	77 - Model Parameters (1.125909, 449.079655, 0.417430, 0.006205)----> LogLi: 1055.015413602067383181
		 ---- Facto Time: 2.006949443000
		 ---- Log Determent Time: 0.000258990000
		 ---- dtrsm Time: 0.110625201000
		 ---- Matrix Generation Time: 0.843785761000
		 ---- Total Time: 2.117833634000
		 ---- Gflop/s: 24.821286962388
		 	Re-store the original Z vector...
		 	Done.
		 	Generate New Covariance Matrix...
		 	Done.
		 	Cholesky factorization of Sigma...
		 	Done.
		 	Calculating the log determinant ...
		 	Done.
		 	Solving the linear system ...
		 	Done.
		 Calculating the MLE likelihood function ...
		 	Done.
		 	78 - Model Parameters (1.142965, 452.299502, 0.407477, 0.001000)----> LogLi: 1105.078769652286609926
		 ---- Facto Time: 2.049214595000
		 ---- Log Determent Time: 0.000268537000
		 ---- dtrsm Time: 0.114640800000
		 ---- Matrix Generation Time: 0.839488858000
		 ---- Total Time: 2.164123932000
		 ---- Gflop/s: 24.290406847173
		 	Re-store the original Z vector...
		 	Done.
		 	Generate New Covariance Matrix...
		 	Done.
		 	Cholesky factorization of Sigma...
		 	Done.
		 	Calculating the log determinant ...
		 	Done.
		 	Solving the linear system ...
		 	Done.
		 Calculating the MLE likelihood function ...
		 	Done.
		 	79 - Model Parameters (1.128157, 453.778744, 0.410314, 0.001000)----> LogLi: 1108.782905583798310545
		 ---- Facto Time: 2.083446692000
		 ---- Log Determent Time: 0.000270758000
		 ---- dtrsm Time: 0.123659790000
		 ---- Matrix Generation Time: 0.840267266000
		 ---- Total Time: 2.207377240000
		 ---- Gflop/s: 23.814405118946
		 	Re-store the original Z vector...
		 	Done.
		 	Generate New Covariance Matrix...
		 	Done.
		 	Cholesky factorization of Sigma...
		 	Done.
		 	Calculating the log determinant ...
		 	Done.
		 	Solving the linear system ...
		 	Done.
		 Calculating the MLE likelihood function ...
		 	Done.
		 	80 - Model Parameters (1.130952, 453.899318, 0.410661, 0.001000)----> LogLi: 1108.876829555479162082
		 ---- Facto Time: 1.865008287000
		 ---- Log Determent Time: 0.000257535000
		 ---- dtrsm Time: 0.123876776000
		 ---- Matrix Generation Time: 0.840641639000
		 ---- Total Time: 1.989142598000
		 ---- Gflop/s: 26.427333022310
		 	Re-store the original Z vector...
		 	Done.
		 	Generate New Covariance Matrix...
		 	Done.
		 	Cholesky factorization of Sigma...
		 	Done.
		 	Calculating the log determinant ...
		 	Done.
		 	Solving the linear system ...
		 	Done.
		 Calculating the MLE likelihood function ...
		 	Done.
		 	81 - Model Parameters (1.130989, 454.037999, 0.410369, 0.001466)----> LogLi: 1104.933534885873996245
		 ---- Facto Time: 2.056698075000
		 ---- Log Determent Time: 0.000260612000
		 ---- dtrsm Time: 0.116629925000
		 ---- Matrix Generation Time: 0.838803002000
		 ---- Total Time: 2.173588612000
		 ---- Gflop/s: 24.184535377541
		 	Re-store the original Z vector...
		 	Done.
		 	Generate New Covariance Matrix...
		 	Done.
		 	Cholesky factorization of Sigma...
		 	Done.
		 	Calculating the log determinant ...
		 	Done.
		 	Solving the linear system ...
		 	Done.
		 Calculating the MLE likelihood function ...
		 	Done.
		 	82 - Model Parameters (1.130375, 453.728205, 0.411797, 0.001000)----> LogLi: 1109.224844390277212369
		 ---- Facto Time: 2.068243650000
		 ---- Log Determent Time: 0.000257268000
		 ---- dtrsm Time: 0.116657076000
		 ---- Matrix Generation Time: 0.837488981000
		 ---- Total Time: 2.185157994000
		 ---- Gflop/s: 24.056437566033
		 	Re-store the original Z vector...
		 	Done.
		 	Generate New Covariance Matrix...
		 	Done.
		 	Cholesky factorization of Sigma...
		 	Done.
		 	Calculating the log determinant ...
		 	Done.
		 	Solving the linear system ...
		 	Done.
		 Calculating the MLE likelihood function ...
		 	Done.
		 	83 - Model Parameters (1.129018, 453.673289, 0.414194, 0.001000)----> LogLi: 1109.027537454810044437
		 ---- Facto Time: 2.158661761000
		 ---- Log Determent Time: 0.000265037000
		 ---- dtrsm Time: 0.114653422000
		 ---- Matrix Generation Time: 0.840052284000
		 ---- Total Time: 2.273580220000
		 ---- Gflop/s: 23.120827369673
		 	Re-store the original Z vector...
		 	Done.
		 	Generate New Covariance Matrix...
		 	Done.
		 	Cholesky factorization of Sigma...
		 	Done.
		 	Calculating the log determinant ...
		 	Done.
		 	Solving the linear system ...
		 	Done.
		 Calculating the MLE likelihood function ...
		 	Done.
		 	84 - Model Parameters (1.130908, 453.277670, 0.411779, 0.001188)----> LogLi: 1107.934059433876427647
		 ---- Facto Time: 2.133420894000
		 ---- Log Determent Time: 0.000270483000
		 ---- dtrsm Time: 0.113617605000
		 ---- Matrix Generation Time: 0.844279403000
		 ---- Total Time: 2.247308982000
		 ---- Gflop/s: 23.391200429539
		 	Re-store the original Z vector...
		 	Done.
		 	Generate New Covariance Matrix...
		 	Done.
		 	Cholesky factorization of Sigma...
		 	Done.
		 	Calculating the log determinant ...
		 	Done.
		 	Solving the linear system ...
		 	Done.
		 Calculating the MLE likelihood function ...
		 	Done.
		 	85 - Model Parameters (1.131957, 453.409605, 0.412344, 0.001000)----> LogLi: 1109.322540688218396099
		 ---- Facto Time: 2.189600580000
		 ---- Log Determent Time: 0.000260537000
		 ---- dtrsm Time: 0.110652193000
		 ---- Matrix Generation Time: 0.840095115000
		 ---- Total Time: 2.300513310000
		 ---- Gflop/s: 22.850066097062
		 	Re-store the original Z vector...
		 	Done.
		 	Generate New Covariance Matrix...
		 	Done.
		 	Cholesky factorization of Sigma...
		 	Done.
		 	Calculating the log determinant ...
		 	Done.
		 	Solving the linear system ...
		 	Done.
		 Calculating the MLE likelihood function ...
		 	Done.
		 	86 - Model Parameters (1.131161, 453.330735, 0.411733, 0.001000)----> LogLi: 1109.213134024817009049
		 ---- Facto Time: 2.196119894000
		 ---- Log Determent Time: 0.000272975000
		 ---- dtrsm Time: 0.101646846000
		 ---- Matrix Generation Time: 0.842559838000
		 ---- Total Time: 2.298039715000
		 ---- Gflop/s: 22.874788370816
		 	Re-store the original Z vector...
		 	Done.
		 	Generate New Covariance Matrix...
		 	Done.
		 	Cholesky factorization of Sigma...
		 	Done.
		 	Calculating the log determinant ...
		 	Done.
		 	Solving the linear system ...
		 	Done.
		 Calculating the MLE likelihood function ...
		 	Done.
		 	87 - Model Parameters (1.131536, 453.107885, 0.412699, 0.001363)----> LogLi: 1106.994551680802942428
		 ---- Facto Time: 2.160634688000
		 ---- Log Determent Time: 0.000255630000
		 ---- dtrsm Time: 0.125673670000
		 ---- Matrix Generation Time: 0.839051480000
		 ---- Total Time: 2.286563988000
		 ---- Gflop/s: 22.989430852179
		 	Re-store the original Z vector...
		 	Done.
		 	Generate New Covariance Matrix...
		 	Done.
		 	Cholesky factorization of Sigma...
		 	Done.
		 	Calculating the log determinant ...
		 	Done.
		 	Solving the linear system ...
		 	Done.
		 Calculating the MLE likelihood function ...
		 	Done.
		 	88 - Model Parameters (1.132704, 453.426391, 0.413116, 0.001000)----> LogLi: 1109.371887501669334597
		 ---- Facto Time: 2.000880168000
		 ---- Log Determent Time: 0.000261174000
		 ---- dtrsm Time: 0.120618542000
		 ---- Matrix Generation Time: 0.843831511000
		 ---- Total Time: 2.121759884000
		 ---- Gflop/s: 24.775375848803
		 	Re-store the original Z vector...
		 	Done.
		 	Generate New Covariance Matrix...
		 	Done.
		 	Cholesky factorization of Sigma...
		 	Done.
		 	Calculating the log determinant ...
		 	Done.
		 	Solving the linear system ...
		 	Done.
		 Calculating the MLE likelihood function ...
		 	Done.
		 	89 - Model Parameters (1.132392, 453.171345, 0.414178, 0.001000)----> LogLi: 1109.244630706631141948
		 ---- Facto Time: 2.019303920000
		 ---- Log Determent Time: 0.000262743000
		 ---- dtrsm Time: 0.122675430000
		 ---- Matrix Generation Time: 0.840411752000
		 ---- Total Time: 2.142242093000
		 ---- Gflop/s: 24.538484884553
		 	Re-store the original Z vector...
		 	Done.
		 	Generate New Covariance Matrix...
		 	Done.
		 	Cholesky factorization of Sigma...
		 	Done.
		 	Calculating the log determinant ...
		 	Done.
		 	Solving the linear system ...
		 	Done.
		 Calculating the MLE likelihood function ...
		 	Done.
		 	90 - Model Parameters (1.133191, 453.410611, 0.413252, 0.001000)----> LogLi: 1109.379875267240095127
		 ---- Facto Time: 1.959822531000
		 ---- Log Determent Time: 0.000262856000
		 ---- dtrsm Time: 0.119624756000
		 ---- Matrix Generation Time: 0.842865901000
		 ---- Total Time: 2.079710143000
		 ---- Gflop/s: 25.276393506867
		 	Re-store the original Z vector...
		 	Done.
		 	Generate New Covariance Matrix...
		 	Done.
		 	Cholesky factorization of Sigma...
		 	Done.
		 	Calculating the log determinant ...
		 	Done.
		 	Solving the linear system ...
		 	Done.
		 Calculating the MLE likelihood function ...
		 	Done.
		 	91 - Model Parameters (1.134010, 453.344476, 0.413483, 0.001000)----> LogLi: 1109.392180558833388204
		 ---- Facto Time: 2.187327902000
		 ---- Log Determent Time: 0.000258889000
		 ---- dtrsm Time: 0.033679906000
		 ---- Matrix Generation Time: 0.848377365000
		 ---- Total Time: 2.221266697000
		 ---- Gflop/s: 23.665350348467
		 	Re-store the original Z vector...
		 	Done.
		 	Generate New Covariance Matrix...
		 	Done.
		 	Cholesky factorization of Sigma...
		 	Done.
		 	Calculating the log determinant ...
		 	Done.
		 	Solving the linear system ...
		 	Done.
		 Calculating the MLE likelihood function ...
		 	Done.
		 	92 - Model Parameters (1.134690, 453.289751, 0.413663, 0.001000)----> LogLi: 1109.400424589360227401
		 ---- Facto Time: 2.248296598000
		 ---- Log Determent Time: 0.000254200000
		 ---- dtrsm Time: 0.017658543000
		 ---- Matrix Generation Time: 0.913337715000
		 ---- Total Time: 2.266209341000
		 ---- Gflop/s: 23.195926058715
		 	Re-store the original Z vector...
		 	Done.
		 	Generate New Covariance Matrix...
		 	Done.
		 	Cholesky factorization of Sigma...
		 	Done.
		 	Calculating the log determinant ...
		 	Done.
		 	Solving the linear system ...
		 	Done.
		 Calculating the MLE likelihood function ...
		 	Done.
		 	93 - Model Parameters (1.135928, 453.174421, 0.413996, 0.001000)----> LogLi: 1109.410202252024646441
		 ---- Facto Time: 2.025219572000
		 ---- Log Determent Time: 0.000259380000
		 ---- dtrsm Time: 0.020641983000
		 ---- Matrix Generation Time: 0.863542442000
		 ---- Total Time: 2.046120935000
		 ---- Gflop/s: 25.691341515531
		 	Re-store the original Z vector...
		 	Done.
		 	Generate New Covariance Matrix...
		 	Done.
		 	Cholesky factorization of Sigma...
		 	Done.
		 	Calculating the log determinant ...
		 	Done.
		 	Solving the linear system ...
		 	Done.
		 Calculating the MLE likelihood function ...
		 	Done.
		 	94 - Model Parameters (1.136293, 453.141912, 0.414091, 0.001000)----> LogLi: 1109.411886770902128774
		 ---- Facto Time: 2.135167995000
		 ---- Log Determent Time: 0.000275188000
		 ---- dtrsm Time: 0.017614919000
		 ---- Matrix Generation Time: 0.860515580000
		 ---- Total Time: 2.153058102000
		 ---- Gflop/s: 24.415340516308
		 	Re-store the original Z vector...
		 	Done.
		 	Generate New Covariance Matrix...
		 	Done.
		 	Cholesky factorization of Sigma...
		 	Done.
		 	Calculating the log determinant ...
		 	Done.
		 	Solving the linear system ...
		 	Done.
		 Calculating the MLE likelihood function ...
		 	Done.
		 	95 - Model Parameters (1.136398, 453.132558, 0.414120, 0.001000)----> LogLi: 1109.412035784202998911
		 ---- Facto Time: 2.007210862000
		 ---- Log Determent Time: 0.000254323000
		 ---- dtrsm Time: 0.024644081000
		 ---- Matrix Generation Time: 0.839530662000
		 ---- Total Time: 2.032109266000
		 ---- Gflop/s: 25.868445030527
		 	Re-store the original Z vector...
		 	Done.
		 	Generate New Covariance Matrix...
		 	Done.
		 	Cholesky factorization of Sigma...
		 	Done.
		 	Calculating the log determinant ...
		 	Done.
		 	Solving the linear system ...
		 	Done.
		 Calculating the MLE likelihood function ...
		 	Done.
		 	96 - Model Parameters (1.136549, 453.115574, 0.414164, 0.001000)----> LogLi: 1109.412122307557183376
		 ---- Facto Time: 1.941842447000
		 ---- Log Determent Time: 0.000261000000
		 ---- dtrsm Time: 0.020600637000
		 ---- Matrix Generation Time: 0.846943237000
		 ---- Total Time: 1.962704084000
		 ---- Gflop/s: 26.783415188718
		 --> Final Theta Values (1.136549, 453.115574, 0.414164, 0.001000)		 
		 ** ExaGeoStat data Prediction **
		 	- Total number of Z: 5401
		 	- Number of Z Miss: 0
		 	- Number of Z observations: 5401
		 ********************SUMMARY**********************
		 #Number of Locations: 5401
		 #Number of MLE Iterations: 96
		 #Found Maximum Theta at: 1.13654890 453.11557390 0.41416436 0.00100000 		 
		 #Final Log Likelihood value: 1109.412122
		 *************************************************
