native UTM fast CV mode=blocks; theta=(1.29126177,413.83741506,0.39292206,0.00100000)
  block 01 N=  493 RMSE=0.240615 MAE=0.150236 bias=+0.087433 cov95=99.0% pred=[0.573011,0.962850] time=74.7s
  block 02 N=   33 RMSE=0.146371 MAE=0.063783 bias=+0.014958 cov95=100.0% pred=[0.762317,0.939321] time=75.4s
  block 03 N=  878 RMSE=0.328833 MAE=0.280679 bias=-0.117948 cov95=99.4% pred=[0.009799,0.942653] time=74.0s
  block 04 N= 1887 RMSE=0.313252 MAE=0.276536 bias=-0.132530 cov95=99.4% pred=[0.029849,0.958601] time=70.7s
  block 05 N= 2338 RMSE=0.361899 MAE=0.329182 bias=-0.253902 cov95=99.2% pred=[0.109195,0.945451] time=68.2s
  block 06 N= 1482 RMSE=0.283647 MAE=0.242259 bias=+0.061560 cov95=99.3% pred=[-0.000411,0.956836] time=71.5s
  block 07 N= 7472 RMSE=0.290536 MAE=0.252854 bias=-0.037262 cov95=99.6% pred=[0.035691,0.896493] time=45.4s
  block 08 N= 2339 RMSE=0.332431 MAE=0.287286 bias=-0.060784 cov95=98.3% pred=[0.057599,0.899053] time=68.4s

=== weighted ===
  N=16922
  RMSE=0.308368
  MAE=0.267957
  bias=-0.072866
  pred_range=[-0.000411,0.962850]
  var_range=[0.023993,0.869279]
  cov50=69.42%
  cov80=95.92%
  cov90=98.30%
  cov95=99.27%
  total_time=548.4s
