native UTM fast CV mode=folds; theta=(1.13654890,453.11557390,0.41416436,0.00100000)
  fold 01 N=  249 RMSE=0.262775 MAE=0.177905 bias=+0.096309 cov95=98.0% pred=[0.506615,0.965096] time=7.0s
  fold 02 N=   15 RMSE=0.141042 MAE=0.117600 bias=-0.027523 cov95=100.0% pred=[0.143709,0.878271] time=7.2s
  fold 03 N=  395 RMSE=0.390985 MAE=0.335260 bias=-0.171880 cov95=100.0% pred=[-0.008054,0.892969] time=6.8s
  fold 04 N=  852 RMSE=0.370382 MAE=0.327598 bias=-0.211179 cov95=97.9% pred=[0.036115,0.932306] time=6.3s
  fold 05 N=  799 RMSE=0.384492 MAE=0.344524 bias=-0.263689 cov95=97.5% pred=[0.033148,0.935338] time=6.5s
  fold 06 N=  463 RMSE=0.278305 MAE=0.242512 bias=+0.064186 cov95=99.6% pred=[-0.045884,0.892203] time=6.8s
  fold 07 N= 1789 RMSE=0.316684 MAE=0.268359 bias=-0.115462 cov95=99.0% pred=[-0.001413,0.967669] time=5.1s
  fold 08 N=  839 RMSE=0.336685 MAE=0.276092 bias=+0.064839 cov95=96.7% pred=[0.073009,0.921426] time=6.3s

=== weighted ===
  N=5401
  RMSE=0.337464
  MAE=0.288261
  bias=-0.103199
  pred_range=[-0.045884,0.967669]
  var_range=[0.030735,0.713672]
  cov50=53.40%
  cov80=90.96%
  cov90=96.61%
  cov95=98.33%
  total_time=52.1s
